[2020-12-06T14:34:43.117] [DEBUG] cheese - login => username:admin,password:123456
[2020-12-06T14:34:43.117] [DEBUG] cheese - admin
[2020-12-06T14:34:43.133] [DEBUG] cheese - null
[2020-12-06T14:34:43.133] [DEBUG] cheese - null
[2020-12-06T14:34:57.637] [DEBUG] cheese - login => username:admin,password:123456
[2020-12-06T14:34:57.637] [DEBUG] cheese - admin
[2020-12-06T14:34:57.639] [DEBUG] cheese - null
[2020-12-06T14:34:57.639] [DEBUG] cheese - null
[2020-12-06T14:35:46.570] [DEBUG] cheese - login => username:admin,password:123456
[2020-12-06T14:35:46.570] [DEBUG] cheese - admin
[2020-12-06T14:35:46.572] [DEBUG] cheese - null
[2020-12-06T14:35:46.572] [DEBUG] cheese - null
[2020-12-06T14:36:05.829] [DEBUG] cheese - login => username:admin,password:123456
[2020-12-06T14:36:05.829] [DEBUG] cheese - admin
[2020-12-06T14:36:05.831] [DEBUG] cheese - null
[2020-12-06T14:36:05.831] [DEBUG] cheese - null
[2020-12-06T14:36:33.567] [DEBUG] cheese - login => username:admin,password:123456
[2020-12-06T14:36:33.567] [DEBUG] cheese - admin
[2020-12-06T14:36:33.568] [DEBUG] cheese - null
[2020-12-06T14:36:33.568] [DEBUG] cheese - null
[2020-12-06T14:36:55.680] [DEBUG] cheese - login => username:admin,password:123456
[2020-12-06T14:36:55.680] [DEBUG] cheese - admin
[2020-12-06T14:36:55.681] [DEBUG] cheese - null
[2020-12-06T14:36:55.681] [DEBUG] cheese - null
[2020-12-06T14:37:18.605] [DEBUG] cheese - login => username:123,password:123456
[2020-12-06T14:37:18.605] [DEBUG] cheese - 123
[2020-12-06T14:37:18.607] [DEBUG] cheese - null
[2020-12-06T14:37:18.607] [DEBUG] cheese - null
[2020-12-06T14:37:37.249] [DEBUG] cheese - login => username:123,password:123456
[2020-12-06T14:37:37.249] [DEBUG] cheese - 123
[2020-12-06T14:37:37.251] [DEBUG] cheese - null
[2020-12-06T14:37:37.251] [DEBUG] cheese - null
[2020-12-06T14:38:04.153] [DEBUG] cheese - login => username:admin,password:123456
[2020-12-06T14:38:04.153] [DEBUG] cheese - admin
[2020-12-06T14:38:04.155] [DEBUG] cheese - null
[2020-12-06T14:38:04.156] [DEBUG] cheese - null
[2020-12-06T14:40:37.785] [DEBUG] cheese - login => username:admin11,password:123456
[2020-12-06T14:40:37.785] [DEBUG] cheese - admin11
[2020-12-06T14:40:37.787] [DEBUG] cheese - null
[2020-12-06T14:40:37.787] [DEBUG] cheese - null
[2020-12-06T14:40:41.777] [DEBUG] cheese - login => username:admin,password:123456
[2020-12-06T14:40:41.777] [DEBUG] cheese - admin
[2020-12-06T14:40:41.779] [DEBUG] cheese - null
[2020-12-06T14:40:41.779] [DEBUG] cheese - null
[2020-12-06T14:55:15.548] [DEBUG] cheese - login => username:admin11,password:123456
[2020-12-06T14:55:15.548] [DEBUG] cheese - admin11
[2020-12-06T14:55:15.550] [DEBUG] cheese - null
[2020-12-06T14:55:15.550] [DEBUG] cheese - null
[2020-12-06T14:55:48.716] [DEBUG] cheese - login => username:admin,password:123456
[2020-12-06T14:55:48.716] [DEBUG] cheese - admin
[2020-12-06T14:55:48.718] [DEBUG] cheese - null
[2020-12-06T14:55:48.718] [DEBUG] cheese - null
[2020-12-06T14:56:39.181] [DEBUG] cheese - login => username:admin,password:123456
[2020-12-06T14:56:39.181] [DEBUG] cheese - admin
[2020-12-06T14:56:39.183] [DEBUG] cheese - null
[2020-12-06T14:56:39.183] [DEBUG] cheese - null
[2020-12-06T14:56:41.321] [DEBUG] cheese - login => username:admin,password:123456
[2020-12-06T14:56:41.321] [DEBUG] cheese - admin
[2020-12-06T14:56:41.323] [DEBUG] cheese - null
[2020-12-06T14:56:41.323] [DEBUG] cheese - null
[2020-12-06T14:56:41.483] [DEBUG] cheese - login => username:admin,password:123456
[2020-12-06T14:56:41.483] [DEBUG] cheese - admin
[2020-12-06T14:56:41.485] [DEBUG] cheese - null
[2020-12-06T14:56:41.485] [DEBUG] cheese - null
[2020-12-06T14:56:41.662] [DEBUG] cheese - login => username:admin,password:123456
[2020-12-06T14:56:41.662] [DEBUG] cheese - admin
[2020-12-06T14:56:41.664] [DEBUG] cheese - null
[2020-12-06T14:56:41.665] [DEBUG] cheese - null
[2020-12-06T14:56:43.800] [DEBUG] cheese - login => username:admin111,password:123456
[2020-12-06T14:56:43.800] [DEBUG] cheese - admin111
[2020-12-06T14:56:43.802] [DEBUG] cheese - null
[2020-12-06T14:56:43.802] [DEBUG] cheese - null
[2020-12-06T14:56:46.988] [DEBUG] cheese - login => username:admin111,password:12345611
[2020-12-06T14:56:46.988] [DEBUG] cheese - admin111
[2020-12-06T14:56:46.990] [DEBUG] cheese - null
[2020-12-06T14:56:46.990] [DEBUG] cheese - null
[2020-12-06T14:56:49.261] [DEBUG] cheese - login => username:admin,password:12345611
[2020-12-06T14:56:49.261] [DEBUG] cheese - admin
[2020-12-06T14:56:49.263] [DEBUG] cheese - null
[2020-12-06T14:56:49.263] [DEBUG] cheese - null
[2020-12-06T14:56:52.102] [DEBUG] cheese - login => username:ad,password:12345611
[2020-12-06T14:56:52.102] [DEBUG] cheese - ad
[2020-12-06T14:56:52.104] [DEBUG] cheese - null
[2020-12-06T14:56:52.104] [DEBUG] cheese - null
[2020-12-06T14:57:01.890] [DEBUG] cheese - login => username:a1,password:12
[2020-12-06T14:57:01.891] [DEBUG] cheese - a1
[2020-12-06T14:57:01.892] [DEBUG] cheese - null
[2020-12-06T14:57:01.892] [DEBUG] cheese - null
[2020-12-06T14:57:41.163] [DEBUG] cheese - login => username:a1,password:12
[2020-12-06T14:57:41.163] [DEBUG] cheese - a1
[2020-12-06T14:57:41.165] [DEBUG] cheese - null
[2020-12-06T14:57:41.165] [DEBUG] cheese - null
[2020-12-06T14:57:43.110] [DEBUG] cheese - login => username:a1,password:12
[2020-12-06T14:57:43.110] [DEBUG] cheese - a1
[2020-12-06T14:57:43.111] [DEBUG] cheese - null
[2020-12-06T14:57:43.111] [DEBUG] cheese - null
[2020-12-06T14:57:52.602] [DEBUG] cheese - login => username:admin,password:123456
[2020-12-06T14:57:52.602] [DEBUG] cheese - admin
[2020-12-06T14:57:52.604] [DEBUG] cheese - null
[2020-12-06T14:57:52.604] [DEBUG] cheese - null
[2020-12-06T15:05:03.470] [DEBUG] cheese - login => username:admin,password:123456
[2020-12-06T15:05:03.470] [DEBUG] cheese - admin
[2020-12-06T15:05:03.472] [DEBUG] cheese - null
[2020-12-06T15:05:03.472] [DEBUG] cheese - null
[2020-12-06T15:05:11.321] [DEBUG] cheese - login => username:admin1,password:123456
[2020-12-06T15:05:11.321] [DEBUG] cheese - admin1
[2020-12-06T15:05:11.322] [DEBUG] cheese - null
[2020-12-06T15:05:11.322] [DEBUG] cheese - null
[2020-12-06T15:20:34.822] [DEBUG] cheese - login => username:admin,password:123456
[2020-12-06T15:20:34.822] [DEBUG] cheese - admin
[2020-12-06T15:20:34.824] [DEBUG] cheese - null
[2020-12-06T15:20:34.824] [DEBUG] cheese - null
[2020-12-06T15:24:14.958] [DEBUG] cheese - login => username:admin,password:123456
[2020-12-06T15:24:14.958] [DEBUG] cheese - admin
[2020-12-06T15:24:14.960] [DEBUG] cheese - null
[2020-12-06T15:24:14.960] [DEBUG] cheese - null
[2020-12-06T15:25:09.298] [DEBUG] cheese - login => username:admin,password:123456
[2020-12-06T15:25:09.298] [DEBUG] cheese - admin
[2020-12-06T15:25:09.300] [DEBUG] cheese - null
[2020-12-06T15:25:09.300] [DEBUG] cheese - null
[2020-12-09T16:37:26.210] [DEBUG] cheese - login => username:admin,password:123456
[2020-12-09T16:37:26.212] [DEBUG] cheese - admin
[2020-12-09T16:37:26.239] [DEBUG] cheese - null
[2020-12-09T16:37:26.239] [DEBUG] cheese - null
[2020-12-09T21:36:16.739] [DEBUG] cheese - login => username:admin,password:123456
[2020-12-09T21:36:16.739] [DEBUG] cheese - admin
[2020-12-09T21:36:16.746] [DEBUG] cheese - null
[2020-12-09T21:36:16.746] [DEBUG] cheese - null
[2020-12-09T21:38:57.980] [DEBUG] cheese - login => username:admin,password:123456
[2020-12-09T21:38:57.981] [DEBUG] cheese - admin
[2020-12-09T21:38:57.994] [DEBUG] cheese - null
[2020-12-09T21:38:57.994] [DEBUG] cheese - null
[2020-12-09T21:39:29.646] [DEBUG] cheese - login => username:admin,password:123456
[2020-12-09T21:39:29.646] [DEBUG] cheese - admin
[2020-12-09T21:39:29.649] [DEBUG] cheese - null
[2020-12-09T21:39:29.649] [DEBUG] cheese - null
[2020-12-09T21:40:15.478] [DEBUG] cheese - login => username:admin,password:123456
[2020-12-09T21:40:15.478] [DEBUG] cheese - admin
[2020-12-09T21:40:15.481] [DEBUG] cheese - null
[2020-12-09T21:40:15.481] [DEBUG] cheese - null
[2020-12-09T21:41:41.253] [DEBUG] cheese - login => username:admin,password:123456
[2020-12-09T21:41:41.253] [DEBUG] cheese - admin
[2020-12-09T21:41:41.256] [DEBUG] cheese - null
[2020-12-09T21:41:41.256] [DEBUG] cheese - null
[2020-12-09T21:43:14.615] [DEBUG] cheese - login => username:admin,password:123456
[2020-12-09T21:43:14.615] [DEBUG] cheese - admin
[2020-12-09T21:43:14.617] [DEBUG] cheese - null
[2020-12-09T21:43:14.618] [DEBUG] cheese - null
[2020-12-09T21:46:57.189] [DEBUG] cheese - login => username:admin,password:123456
[2020-12-09T21:46:57.189] [DEBUG] cheese - admin
[2020-12-09T21:46:57.192] [DEBUG] cheese - null
[2020-12-09T21:46:57.192] [DEBUG] cheese - null
[2020-12-09T21:53:56.795] [DEBUG] cheese - login => username:admin,password:123456
[2020-12-09T21:53:56.795] [DEBUG] cheese - admin
[2020-12-09T21:53:56.798] [DEBUG] cheese - null
[2020-12-09T21:53:56.798] [DEBUG] cheese - null
[2020-12-09T21:54:27.741] [DEBUG] cheese - login => username:admin,password:123456
[2020-12-09T21:54:27.741] [DEBUG] cheese - admin
[2020-12-09T21:54:27.743] [DEBUG] cheese - null
[2020-12-09T21:54:27.744] [DEBUG] cheese - null
[2020-12-09T21:55:10.116] [DEBUG] cheese - login => username:admin,password:123456
[2020-12-09T21:55:10.117] [DEBUG] cheese - admin
[2020-12-09T21:55:10.120] [DEBUG] cheese - null
[2020-12-09T21:55:10.120] [DEBUG] cheese - null
[2020-12-09T21:57:07.290] [DEBUG] cheese - login => username:admin,password:123456
[2020-12-09T21:57:07.290] [DEBUG] cheese - admin
[2020-12-09T21:57:07.292] [DEBUG] cheese - null
[2020-12-09T21:57:07.292] [DEBUG] cheese - null
[2020-12-09T21:59:29.314] [DEBUG] cheese - login => username:admin,password:123456
[2020-12-09T21:59:29.314] [DEBUG] cheese - admin
[2020-12-09T21:59:29.320] [DEBUG] cheese - null
[2020-12-09T21:59:29.320] [DEBUG] cheese - null
[2020-12-09T21:59:38.828] [DEBUG] cheese - login => username:admin,password:123456
[2020-12-09T21:59:38.828] [DEBUG] cheese - admin
[2020-12-09T21:59:38.830] [DEBUG] cheese - null
[2020-12-09T21:59:38.831] [DEBUG] cheese - null
[2020-12-09T22:00:44.980] [DEBUG] cheese - login => username:admin,password:123456
[2020-12-09T22:00:44.980] [DEBUG] cheese - admin
[2020-12-09T22:00:44.987] [DEBUG] cheese - null
[2020-12-09T22:00:44.987] [DEBUG] cheese - null
[2020-12-09T22:03:12.907] [DEBUG] cheese - login => username:admin,password:123456
[2020-12-09T22:03:12.908] [DEBUG] cheese - admin
[2020-12-09T22:03:12.910] [DEBUG] cheese - null
[2020-12-09T22:03:12.910] [DEBUG] cheese - null
[2020-12-09T22:05:29.802] [DEBUG] cheese - login => username:admin,password:123456
[2020-12-09T22:05:29.802] [DEBUG] cheese - admin
[2020-12-09T22:05:29.805] [DEBUG] cheese - null
[2020-12-09T22:05:29.805] [DEBUG] cheese - null
[2020-12-09T23:39:32.114] [DEBUG] cheese - login => username:admin,password:123456
[2020-12-09T23:39:32.115] [DEBUG] cheese - admin
[2020-12-09T23:39:32.133] [DEBUG] cheese - null
[2020-12-09T23:39:32.134] [DEBUG] cheese - null
[2020-12-09T23:46:41.714] [DEBUG] cheese - login => username:admin,password:123456
[2020-12-09T23:46:41.714] [DEBUG] cheese - admin
[2020-12-09T23:46:41.716] [DEBUG] cheese - null
[2020-12-09T23:46:41.716] [DEBUG] cheese - null
[2020-12-09T23:47:31.914] [DEBUG] cheese - login => username:admin,password:123456
[2020-12-09T23:47:31.914] [DEBUG] cheese - admin
[2020-12-09T23:47:31.916] [DEBUG] cheese - null
[2020-12-09T23:47:31.916] [DEBUG] cheese - null
[2020-12-10T01:14:03.508] [DEBUG] cheese - login => username:admin,password:123456
[2020-12-10T01:14:03.509] [DEBUG] cheese - admin
[2020-12-10T01:14:03.513] [DEBUG] cheese - null
[2020-12-10T01:14:03.513] [DEBUG] cheese - null
[2020-12-11T18:33:24.013] [DEBUG] cheese - login => username:admin,password:123456
[2020-12-11T18:33:24.014] [DEBUG] cheese - admin
[2020-12-11T18:33:24.036] [DEBUG] cheese - null
[2020-12-11T18:33:24.036] [DEBUG] cheese - null
[2020-12-11T19:53:00.209] [DEBUG] cheese - login => username:admin,password:123456
[2020-12-11T19:53:00.210] [DEBUG] cheese - admin
[2020-12-11T19:53:00.216] [DEBUG] cheese - null
[2020-12-11T19:53:00.216] [DEBUG] cheese - null
[2020-12-11T19:53:55.322] [DEBUG] cheese - login => username:admin,password:123456
[2020-12-11T19:53:55.322] [DEBUG] cheese - admin
[2020-12-11T19:53:55.325] [DEBUG] cheese - null
[2020-12-11T19:53:55.325] [DEBUG] cheese - null
[2020-12-12T20:51:40.666] [DEBUG] cheese - login => username:admin,password:123456
[2020-12-12T20:51:40.667] [DEBUG] cheese - admin
[2020-12-12T20:51:40.688] [DEBUG] cheese - null
[2020-12-12T20:51:40.688] [DEBUG] cheese - null
[2020-12-14T12:51:16.853] [DEBUG] cheese - login => username:admin,password:123456
[2020-12-14T12:51:16.853] [DEBUG] cheese - admin
[2020-12-14T12:51:16.870] [DEBUG] cheese - null
[2020-12-14T12:51:16.870] [DEBUG] cheese - null
[2020-12-15T00:18:30.704] [DEBUG] cheese - login => username:admin,password:123456
[2020-12-15T00:18:30.705] [DEBUG] cheese - admin
[2020-12-15T00:18:30.719] [DEBUG] cheese - null
[2020-12-15T00:18:30.719] [DEBUG] cheese - null
[2020-12-21T18:09:43.633] [DEBUG] cheese - login => username:admin,password:123456
[2020-12-21T18:09:43.634] [DEBUG] cheese - admin
[2020-12-21T18:09:43.658] [DEBUG] cheese - null
[2020-12-21T18:09:43.658] [DEBUG] cheese - null
[2020-12-21T21:59:32.849] [DEBUG] cheese - login => username:admin,password:123456
[2020-12-21T21:59:32.850] [DEBUG] cheese - admin
[2020-12-21T21:59:32.853] [DEBUG] cheese - null
[2020-12-21T21:59:32.853] [DEBUG] cheese - null
[2020-12-23T17:25:27.714] [DEBUG] cheese - login => username:admin,password:123456
[2020-12-23T17:25:27.716] [DEBUG] cheese - admin
[2020-12-23T17:25:27.735] [DEBUG] cheese - null
[2020-12-23T17:25:27.735] [DEBUG] cheese - null
[2020-12-25T14:52:16.735] [DEBUG] cheese - login => username:admin,password:123456
[2020-12-25T14:52:16.736] [DEBUG] cheese - admin
[2020-12-25T14:52:16.748] [DEBUG] cheese - null
[2020-12-25T14:52:16.749] [DEBUG] cheese - null
[2020-12-26T14:57:37.665] [DEBUG] cheese - login => username:admin,password:123456
[2020-12-26T14:57:37.665] [DEBUG] cheese - admin
[2020-12-26T14:57:37.667] [DEBUG] cheese - null
[2020-12-26T14:57:37.667] [DEBUG] cheese - null
[2020-12-29T20:38:14.285] [DEBUG] cheese - login => username:admin,password:123456
[2020-12-29T20:38:14.286] [DEBUG] cheese - admin
[2020-12-29T20:38:14.305] [DEBUG] cheese - null
[2020-12-29T20:38:14.305] [DEBUG] cheese - null
[2020-12-30T10:04:25.616] [DEBUG] cheese - login => username:admin,password:123456
[2020-12-30T10:04:25.616] [DEBUG] cheese - admin
[2020-12-30T10:04:25.633] [DEBUG] cheese - null
[2020-12-30T10:04:25.634] [DEBUG] cheese - null
[2020-12-30T10:04:43.499] [DEBUG] cheese - login => username:admin,password:123456
[2020-12-30T10:04:43.499] [DEBUG] cheese - admin
[2020-12-30T10:04:43.501] [DEBUG] cheese - null
[2020-12-30T10:04:43.501] [DEBUG] cheese - null
[2020-12-30T10:29:07.969] [DEBUG] cheese - login => username:admin,password:123456
[2020-12-30T10:29:07.970] [DEBUG] cheese - admin
[2020-12-30T10:29:07.974] [DEBUG] cheese - null
[2020-12-30T10:29:07.974] [DEBUG] cheese - null
[2020-12-30T10:52:06.088] [DEBUG] cheese - login => username:admin,password:123456
[2020-12-30T10:52:06.089] [DEBUG] cheese - admin
[2020-12-30T10:52:06.095] [DEBUG] cheese - null
[2020-12-30T10:52:06.096] [DEBUG] cheese - null
[2020-12-30T11:02:04.503] [DEBUG] cheese - login => username:admin,password:123456
[2020-12-30T11:02:04.504] [DEBUG] cheese - admin
[2020-12-30T11:02:04.507] [DEBUG] cheese - null
[2020-12-30T11:02:04.507] [DEBUG] cheese - null
[2020-12-30T19:45:22.312] [DEBUG] cheese - login => username:admin,password:123456
[2020-12-30T19:45:22.312] [DEBUG] cheese - admin
[2020-12-30T19:45:22.313] [DEBUG] cheese - null
[2020-12-30T19:45:22.313] [DEBUG] cheese - null
[2021-01-22T20:42:14.420] [DEBUG] cheese - login => username:admin,password:123456
[2021-01-22T20:42:14.421] [DEBUG] cheese - admin
[2021-01-22T20:42:14.441] [DEBUG] cheese - null
[2021-01-22T20:42:14.442] [DEBUG] cheese - null
[2021-01-22T20:42:37.174] [DEBUG] cheese - login => username:admin,password:123456
[2021-01-22T20:42:37.175] [DEBUG] cheese - admin
[2021-01-22T20:42:37.177] [DEBUG] cheese - null
[2021-01-22T20:42:37.177] [DEBUG] cheese - null
[2021-01-23T02:38:56.151] [DEBUG] cheese - login => username:admin,password:123456
[2021-01-23T02:38:56.154] [DEBUG] cheese - admin
[2021-01-23T02:38:56.187] [DEBUG] cheese - null
[2021-01-23T02:38:56.188] [DEBUG] cheese - null
[2021-03-13T22:40:06.498] [DEBUG] cheese - login => username:admin,password:123456
[2021-03-13T22:40:06.499] [DEBUG] cheese - admin
[2021-03-13T22:40:06.522] [DEBUG] cheese - null
[2021-03-13T22:40:06.522] [DEBUG] cheese - null
[2021-03-13T22:53:18.329] [DEBUG] cheese - login => username:admin,password:123456
[2021-03-13T22:53:18.330] [DEBUG] cheese - admin
[2021-03-13T22:53:18.333] [DEBUG] cheese - null
[2021-03-13T22:53:18.333] [DEBUG] cheese - null
[2021-03-13T22:53:27.536] [DEBUG] cheese - login => username:admin,password:123456
[2021-03-13T22:53:27.536] [DEBUG] cheese - admin
[2021-03-13T22:53:27.538] [DEBUG] cheese - null
[2021-03-13T22:53:27.538] [DEBUG] cheese - null
